<?xml version="1.0" encoding="UTF-8"?>
<testng-results ignored="0" total="2" passed="2" failed="0" skipped="0">
  <reporter-output>
  </reporter-output>
  <suite started-at="2024-12-27T23:07:58 IST" name="CrossBrowser" finished-at="2024-12-27T23:08:08 IST" duration-ms="9742">
    <groups>
    </groups>
    <test started-at="2024-12-27T23:07:58 IST" name="FirefoxTest" finished-at="2024-12-27T23:08:08 IST" duration-ms="9742">
      <class name="com.web.testcases.IndexPageTest">
        <test-method is-config="true" signature="loadConfig()[pri:0, instance:com.web.testcases.IndexPageTest@7e7be63f]" started-at="2024-12-27T23:07:58 IST" name="loadConfig" finished-at="2024-12-27T23:07:58 IST" duration-ms="6" status="PASS">
          <reporter-output>
          </reporter-output>
        </test-method> <!-- loadConfig -->
        <test-method is-config="true" signature="setUp()[pri:0, instance:com.web.testcases.IndexPageTest@7e7be63f]" started-at="2024-12-27T23:07:58 IST" name="setUp" finished-at="2024-12-27T23:08:02 IST" duration-ms="4224" status="PASS">
          <reporter-output>
          </reporter-output>
        </test-method> <!-- setUp -->
        <test-method signature="verifyLogo()[pri:0, instance:com.web.testcases.IndexPageTest@7e7be63f]" started-at="2024-12-27T23:08:02 IST" name="verifyLogo" finished-at="2024-12-27T23:08:02 IST" duration-ms="120" status="PASS">
          <reporter-output>
          </reporter-output>
        </test-method> <!-- verifyLogo -->
        <test-method is-config="true" signature="tearDown()[pri:0, instance:com.web.testcases.IndexPageTest@7e7be63f]" started-at="2024-12-27T23:08:02 IST" name="tearDown" finished-at="2024-12-27T23:08:03 IST" duration-ms="207" status="PASS">
          <reporter-output>
          </reporter-output>
        </test-method> <!-- tearDown -->
        <test-method is-config="true" signature="setUp()[pri:0, instance:com.web.testcases.IndexPageTest@7e7be63f]" started-at="2024-12-27T23:08:03 IST" name="setUp" finished-at="2024-12-27T23:08:08 IST" duration-ms="4967" status="PASS">
          <reporter-output>
          </reporter-output>
        </test-method> <!-- setUp -->
        <test-method signature="verifyTitle()[pri:0, instance:com.web.testcases.IndexPageTest@7e7be63f]" started-at="2024-12-27T23:08:08 IST" name="verifyTitle" finished-at="2024-12-27T23:08:08 IST" duration-ms="19" status="PASS">
          <reporter-output>
          </reporter-output>
        </test-method> <!-- verifyTitle -->
        <test-method is-config="true" signature="tearDown()[pri:0, instance:com.web.testcases.IndexPageTest@7e7be63f]" started-at="2024-12-27T23:08:08 IST" name="tearDown" finished-at="2024-12-27T23:08:08 IST" duration-ms="170" status="PASS">
          <reporter-output>
          </reporter-output>
        </test-method> <!-- tearDown -->
      </class> <!-- com.web.testcases.IndexPageTest -->
    </test> <!-- FirefoxTest -->
  </suite> <!-- CrossBrowser -->
</testng-results>
