<?xml version="1.0" encoding="UTF-8"?>
<!-- Generated by org.testng.reporters.JUnitXMLReporter -->
<testsuite ignored="4" hostname="Samuel" failures="1" tests="7" name="Test_All" time="63.824" errors="0" timestamp="2024-12-27T22:43:39 IST">
  <testcase classname="com.web.testcases.LoginPageTest" name="loginTest" time="4.556"/>
  <testcase classname="com.web.testcases.LoginPageTest" name="loginTest" time="4.598">
    <failure type="java.lang.AssertionError" message="expected [https://www.automationexercise.com/] but found [https://www.automationexercise.com/login]">
      <![CDATA[java.lang.AssertionError: expected [https://www.automationexercise.com/] but found [https://www.automationexercise.com/login]
at com.web.testcases.LoginPageTest.loginTest(LoginPageTest.java:43)
at java.base/java.util.ArrayList.forEach(ArrayList.java:1511)
... Removed 33 stack frames]]>
    </failure>
  </testcase> <!-- loginTest -->
  <testcase classname="com.web.testcases.SearchResultPageTest" name="productAvailabilityTest" time="9.456"/>
  <testcase classname="com.web.testcases.HomePageTest" name="homePageValidationTest" time="5.432"/>
  <testcase classname="com.web.testcases.IndexPageTest" name="verifyLogo" time="0.1"/>
  <testcase classname="com.web.testcases.IndexPageTest" name="verifyTitle" time="0.042"/>
  <testcase classname="com.web.testcases.AccountCreationPageTest" name="verifyCreateAccountPageTest" time="4.613"/>
  <testcase classname="com.web.base.BaseClass" name="@BeforeTest loadConfig" time="0.0">
    <ignored/>
  </testcase> <!-- @BeforeTest loadConfig -->
  <testcase classname="com.web.base.BaseClass" name="@BeforeTest loadConfig" time="0.0">
    <ignored/>
  </testcase> <!-- @BeforeTest loadConfig -->
  <testcase classname="com.web.base.BaseClass" name="@BeforeTest loadConfig" time="0.0">
    <ignored/>
  </testcase> <!-- @BeforeTest loadConfig -->
  <testcase classname="com.web.base.BaseClass" name="@BeforeTest loadConfig" time="0.0">
    <ignored/>
  </testcase> <!-- @BeforeTest loadConfig -->
</testsuite> <!-- Test_All -->
